<?xml version="1.0" encoding="UTF-8"?>
<!-- Generated by org.testng.reporters.JUnitXMLReporter -->
<testsuite hostname="DESKTOP-P44TVGI" ignored="0" name="Test" tests="8" failures="0" timestamp="14 Feb 2019 12:18:11 GMT" time="0.199" errors="0">
  <testcase name="createUser" time="0.026" classname="feb13.InvocationA"/>
  <testcase name="createUser" time="0.007" classname="feb13.InvocationA"/>
  <testcase name="createUser" time="0.002" classname="feb13.Groupdemo"/>
  <testcase name="deleteeUser" time="0.002" classname="feb13.Groupdemo"/>
  <testcase name="editUser" time="0.004" classname="feb13.Groupdemo"/>
  <testcase name="editUser" time="0.002" classname="feb13.InvocationA"/>
  <testcase name="editUser" time="0.002" classname="feb13.InvocationA"/>
  <testcase name="deleteeUser" time="0.002" classname="feb13.InvocationA"/>
</testsuite> <!-- Test -->
